<?xml version="1.0" encoding="UTF-8"?>
<testsuite name="com.example.lab6_lab5_rimantek.ParserTest" tests="2" skipped="0" failures="0" errors="0" timestamp="2025-11-29T13:07:49.352Z" hostname="RIMANTE" time="0.095">
  <properties/>
  <testcase name="parse_validXml_returnsCurrencyRates" classname="com.example.lab6_lab5_rimantek.ParserTest" time="0.09"/>
  <testcase name="parse_skipsItemsWithInvalidRate" classname="com.example.lab6_lab5_rimantek.ParserTest" time="0.003"/>
  <system-out><![CDATA[]]></system-out>
  <system-err><![CDATA[]]></system-err>
</testsuite>
